[2023-11-15T22:23:01.300] [DEBUG] default - debug some message
[2023-11-15T22:23:01.307] [INFO] info - debug info message
[2023-11-15T22:23:38.499] [DEBUG] default - debug some message
[2023-11-15T22:23:38.506] [INFO] info - debug info message
[2023-11-15T22:23:40.898] [DEBUG] default - debug some message
[2023-11-15T22:23:40.905] [INFO] info - debug info message
[2023-11-15T22:23:41.082] [DEBUG] default - debug some message
[2023-11-15T22:23:41.087] [INFO] info - debug info message
[2023-11-15T22:23:41.288] [DEBUG] default - debug some message
[2023-11-15T22:23:41.295] [INFO] info - debug info message
[2023-11-15T22:26:00.262] [DEBUG] default - debug some message
[2023-11-15T22:26:00.685] [INFO] info - debug info message
[2023-11-28T22:01:17.494] [INFO] info - ****数据库连接成功*****
[2023-11-28T22:02:13.607] [INFO] info - ****数据库连接成功*****
[2023-11-28T22:03:13.091] [INFO] info - ****数据库连接成功*****
[2023-11-28T22:06:14.454] [INFO] info - ****数据库连接成功*****
[2023-11-28T22:10:30.532] [INFO] info - ****数据库连接成功*****
[2023-11-28T22:31:31.262] [INFO] info - ****数据库连接成功*****
[2023-11-28T22:35:58.634] [INFO] info - ****数据库连接成功*****
[2023-11-28T22:38:17.292] [INFO] info - ****数据库连接成功*****
[2023-11-28T22:42:04.276] [INFO] info - ****数据库连接成功*****
[2023-11-28T22:42:30.317] [DEBUG] default - debug some message
[2023-11-28T22:42:30.318] [INFO] info - debug info message
[2023-11-28T22:42:30.383] [DEBUG] default - debug some message
[2023-11-28T22:42:30.384] [INFO] info - debug info message
[2023-11-28T22:42:32.672] [DEBUG] default - debug some message
[2023-11-28T22:42:32.672] [INFO] info - debug info message
[2023-11-28T22:43:46.289] [INFO] info - ****数据库连接成功*****
[2023-11-28T22:43:52.083] [DEBUG] default - debug some message
[2023-11-28T22:43:52.084] [INFO] info - debug info message
[2023-11-28T22:44:41.330] [DEBUG] default - debug some message
[2023-11-28T22:44:41.333] [INFO] info - ctx === 
[2023-11-28T22:44:41.333] [INFO] info - debug info message
[2023-11-28T22:44:59.976] [DEBUG] default - debug some message
[2023-11-28T22:44:59.976] [INFO] info - ctx === 
[2023-11-28T22:44:59.977] [INFO] info - debug info message
[2023-11-28T22:45:02.156] [DEBUG] default - debug some message
[2023-11-28T22:45:02.156] [INFO] info - ctx === 
[2023-11-28T22:45:02.156] [INFO] info - debug info message
[2023-11-28T22:45:09.440] [INFO] info - ****数据库连接成功*****
[2023-11-28T22:45:23.725] [DEBUG] default - debug some message
[2023-11-28T22:45:23.732] [INFO] info - debug info message
[2023-11-28T22:45:26.121] [DEBUG] default - debug some message
[2023-11-28T22:45:26.124] [INFO] info - debug info message
[2023-11-28T22:45:26.368] [DEBUG] default - debug some message
[2023-11-28T22:45:26.370] [INFO] info - debug info message
[2023-11-28T22:45:26.568] [DEBUG] default - debug some message
[2023-11-28T22:45:26.570] [INFO] info - debug info message
[2023-11-28T22:46:15.985] [INFO] info - ****数据库连接成功*****
[2023-11-28T22:46:43.819] [DEBUG] default - debug some message
[2023-11-28T22:46:43.822] [INFO] info - {
  request: {
    method: 'GET',
    url: '/users/login?name=tom',
    header: {
      host: 'localhost:3000',
      connection: 'keep-alive',
      'cache-control': 'max-age=0',
      'sec-ch-ua': '"Google Chrome";v="119", "Chromium";v="119", "Not?A_Brand";v="24"',
      'sec-ch-ua-mobile': '?0',
      'sec-ch-ua-platform': '"Windows"',
      'upgrade-insecure-requests': '1',
      'user-agent': 'Mozilla/5.0 (Windows NT 10.0; Win64; x64) AppleWebKit/537.36 (KHTML, like Gecko) Chrome/119.0.0.0 Safari/537.36',
      accept: 'text/html,application/xhtml+xml,application/xml;q=0.9,image/avif,image/webp,image/apng,*/*;q=0.8,application/signed-exchange;v=b3;q=0.7',
      'sec-fetch-site': 'none',
      'sec-fetch-mode': 'navigate',
      'sec-fetch-user': '?1',
      'sec-fetch-dest': 'document',
      'accept-encoding': 'gzip, deflate, br',
      'accept-language': 'zh-CN,zh;q=0.9',
      cookie: 'Webstorm-d8d01a17=3cea17ef-f9b7-4ad7-96c6-12d15c345ac7; Hm_lvt_af5d41bc4e446e76665dbe3ec18d55c3=1700119738,1700182574,1700443268,1700470781'
    }
  },
  response: {
    status: 200,
    message: 'OK',
    header: [Object: null prototype] {
      'content-type': 'text/plain; charset=utf-8',
      'content-length': '12'
    }
  },
  app: { subdomainOffset: 2, proxy: false, env: 'development' },
  originalUrl: '/users/login?name=tom',
  req: '<original node req>',
  res: '<original node res>',
  socket: '<original node socket>'
}
[2023-11-28T22:46:43.825] [INFO] info - debug info message
[2023-11-28T22:50:22.051] [DEBUG] default - debug some message
[2023-11-28T22:50:22.052] [INFO] info - {
  request: {
    method: 'GET',
    url: '/users/login?name=tom',
    header: {
      host: 'localhost:3000',
      connection: 'keep-alive',
      'cache-control': 'max-age=0',
      'sec-ch-ua': '"Google Chrome";v="119", "Chromium";v="119", "Not?A_Brand";v="24"',
      'sec-ch-ua-mobile': '?0',
      'sec-ch-ua-platform': '"Windows"',
      'upgrade-insecure-requests': '1',
      'user-agent': 'Mozilla/5.0 (Windows NT 10.0; Win64; x64) AppleWebKit/537.36 (KHTML, like Gecko) Chrome/119.0.0.0 Safari/537.36',
      accept: 'text/html,application/xhtml+xml,application/xml;q=0.9,image/avif,image/webp,image/apng,*/*;q=0.8,application/signed-exchange;v=b3;q=0.7',
      'sec-fetch-site': 'none',
      'sec-fetch-mode': 'navigate',
      'sec-fetch-user': '?1',
      'sec-fetch-dest': 'document',
      'accept-encoding': 'gzip, deflate, br',
      'accept-language': 'zh-CN,zh;q=0.9',
      cookie: 'Webstorm-d8d01a17=3cea17ef-f9b7-4ad7-96c6-12d15c345ac7; Hm_lvt_af5d41bc4e446e76665dbe3ec18d55c3=1700119738,1700182574,1700443268,1700470781'
    }
  },
  response: {
    status: 200,
    message: 'OK',
    header: [Object: null prototype] {
      'content-type': 'text/plain; charset=utf-8',
      'content-length': '12'
    }
  },
  app: { subdomainOffset: 2, proxy: false, env: 'development' },
  originalUrl: '/users/login?name=tom',
  req: '<original node req>',
  res: '<original node res>',
  socket: '<original node socket>'
}
[2023-11-28T22:50:22.052] [INFO] info - debug info message
